<?xml version="1.0" encoding="UTF-8"?>
<!-- Generated by org.testng.reporters.JUnitXMLReporter -->
<testsuite ignored="0" hostname="BekkeringHome" failures="0" tests="5" name="Command line test" time="0.074" errors="0" timestamp="2023-11-20T11:05:59 CST">
  <testcase classname="eost.LicenseTest" name="test_premium" time="0.02"/>
  <testcase classname="eost.LicenseTest" name="test_premium" time="0.0"/>
  <testcase classname="eost.LicenseTest" name="test_premium" time="0.001"/>
  <testcase classname="eost.LicenseTest" name="test_premium" time="0.0"/>
  <testcase classname="eost.LicenseTest" name="test_premium" time="0.0"/>
</testsuite> <!-- Command line test -->
