<?xml version="1.0" encoding="UTF-8"?>
<!-- Generated by org.testng.reporters.JUnitXMLReporter -->
<testsuite ignored="0" hostname="LAPTOP-VP4GFQ0G" failures="5" tests="42" name="Command line test" time="0.093" errors="0" timestamp="2023-11-20T16:02:54 CST">
  <testcase classname="eost.LicenseTest" name="test_premium" time="0.02"/>
  <testcase classname="eost.LicenseTest" name="test_premium" time="0.001"/>
  <testcase classname="eost.LicenseTest" name="test_premium" time="0.0"/>
  <testcase classname="eost.LicenseTest" name="test_premium" time="0.0"/>
  <testcase classname="eost.LicenseTest" name="test_premium" time="0.0"/>
  <testcase classname="eost.LicenseTest" name="test_premium" time="0.0"/>
  <testcase classname="eost.LicenseTest" name="test_premium" time="0.0"/>
  <testcase classname="eost.LicenseTest" name="test_premium" time="0.0"/>
  <testcase classname="eost.LicenseTest" name="test_premium" time="0.0"/>
  <testcase classname="eost.LicenseTest" name="test_premium" time="0.0"/>
  <testcase classname="eost.LicenseTest" name="test_premium" time="0.0"/>
  <testcase classname="eost.LicenseTest" name="test_premium" time="0.001"/>
  <testcase classname="eost.LicenseTest" name="test_premium" time="0.0"/>
  <testcase classname="eost.LicenseTest" name="test_premium" time="0.0"/>
  <testcase classname="eost.LicenseTest" name="test_premium" time="0.0"/>
  <testcase classname="eost.LicenseTest" name="test_premium" time="0.001"/>
  <testcase classname="eost.LicenseTest" name="test_premium" time="0.0"/>
  <testcase classname="eost.LicenseTest" name="test_premium" time="0.0"/>
  <testcase classname="eost.LicenseTest" name="test_premium" time="0.0"/>
  <testcase classname="eost.LicenseTest" name="test_premium" time="0.0"/>
  <testcase classname="eost.LicenseTest" name="test_premium" time="0.0"/>
  <testcase classname="eost.LicenseTest" name="test_premium" time="0.0"/>
  <testcase classname="eost.LicenseTest" name="test_premium" time="0.002">
    <failure type="java.lang.AssertionError" message="expected [GRANTED] but found [DENIED]">
      <![CDATA[java.lang.AssertionError: expected [GRANTED] but found [DENIED]
at eost.LicenseTest.test_premium(LicenseTest.java:75)
at java.base/java.util.ArrayList.forEach(ArrayList.java:1511)
... Removed 28 stack frames]]>
    </failure>
  </testcase> <!-- test_premium -->
  <testcase classname="eost.LicenseTest" name="test_premium" time="0.0"/>
  <testcase classname="eost.LicenseTest" name="test_premium" time="0.0">
    <failure type="java.lang.AssertionError" message="expected [TEMPORARY] but found [DENIED]">
      <![CDATA[java.lang.AssertionError: expected [TEMPORARY] but found [DENIED]
at eost.LicenseTest.test_premium(LicenseTest.java:75)
at java.base/java.util.ArrayList.forEach(ArrayList.java:1511)
... Removed 28 stack frames]]>
    </failure>
  </testcase> <!-- test_premium -->
  <testcase classname="eost.LicenseTest" name="test_premium" time="0.0"/>
  <testcase classname="eost.LicenseTest" name="test_premium" time="0.0"/>
  <testcase classname="eost.LicenseTest" name="test_premium" time="0.0"/>
  <testcase classname="eost.LicenseTest" name="test_premium" time="0.0"/>
  <testcase classname="eost.LicenseTest" name="test_premium" time="0.0">
    <failure type="java.lang.AssertionError" message="expected [GRANTED] but found [DENIED]">
      <![CDATA[java.lang.AssertionError: expected [GRANTED] but found [DENIED]
at eost.LicenseTest.test_premium(LicenseTest.java:75)
at java.base/java.util.ArrayList.forEach(ArrayList.java:1511)
... Removed 28 stack frames]]>
    </failure>
  </testcase> <!-- test_premium -->
  <testcase classname="eost.LicenseTest" name="test_premium" time="0.0"/>
  <testcase classname="eost.LicenseTest" name="test_premium" time="0.001"/>
  <testcase classname="eost.LicenseTest" name="test_premium" time="0.0"/>
  <testcase classname="eost.LicenseTest" name="test_premium" time="0.0">
    <failure type="java.lang.AssertionError" message="expected [GRANTED] but found [DENIED]">
      <![CDATA[java.lang.AssertionError: expected [GRANTED] but found [DENIED]
at eost.LicenseTest.test_premium(LicenseTest.java:75)
at java.base/java.util.ArrayList.forEach(ArrayList.java:1511)
... Removed 28 stack frames]]>
    </failure>
  </testcase> <!-- test_premium -->
  <testcase classname="eost.LicenseTest" name="test_premium" time="0.0"/>
  <testcase classname="eost.LicenseTest" name="test_premium" time="0.0">
    <failure type="java.lang.AssertionError" message="expected [DENIED] but found [GRANTED]">
      <![CDATA[java.lang.AssertionError: expected [DENIED] but found [GRANTED]
at eost.LicenseTest.test_premium(LicenseTest.java:75)
at java.base/java.util.ArrayList.forEach(ArrayList.java:1511)
... Removed 28 stack frames]]>
    </failure>
  </testcase> <!-- test_premium -->
  <testcase classname="eost.LicenseTest" name="test_premium" time="0.0"/>
  <testcase classname="eost.LicenseTest" name="test_premium" time="0.0"/>
  <testcase classname="eost.LicenseTest" name="test_premium" time="0.0"/>
  <testcase classname="eost.LicenseTest" name="test_premium" time="0.0"/>
  <testcase classname="eost.LicenseTest" name="test_premium" time="0.001"/>
  <testcase classname="eost.LicenseTest" name="test_premium" time="0.0"/>
</testsuite> <!-- Command line test -->
