<?xml version="1.0" encoding="UTF-8"?>
<testng-results ignored="0" total="42" passed="37" failed="5" skipped="0">
  <reporter-output>
  </reporter-output>
  <suite started-at="2023-11-20T16:02:53 CST" name="Command line suite" finished-at="2023-11-20T16:02:54 CST" duration-ms="93">
    <groups>
    </groups>
    <test started-at="2023-11-20T16:02:53 CST" name="Command line test" finished-at="2023-11-20T16:02:54 CST" duration-ms="93">
      <class name="eost.LicenseTest">
        <test-method signature="test_premium(java.lang.String, int, boolean, boolean, boolean, eost.License$Status)[pri:0, instance:eost.LicenseTest@6933b6c6]" started-at="2023-11-20T16:02:53 CST" name="test_premium" data-provider="dataset1" finished-at="2023-11-20T16:02:53 CST" duration-ms="20" status="PASS">
          <params>
            <param index="0">
              <value>
                <![CDATA[TEP1]]>
              </value>
            </param>
            <param index="1">
              <value>
                <![CDATA[15]]>
              </value>
            </param>
            <param index="2">
              <value>
                <![CDATA[true]]>
              </value>
            </param>
            <param index="3">
              <value>
                <![CDATA[true]]>
              </value>
            </param>
            <param index="4">
              <value>
                <![CDATA[true]]>
              </value>
            </param>
            <param index="5">
              <value>
                <![CDATA[DENIED]]>
              </value>
            </param>
          </params>
          <reporter-output>
          </reporter-output>
        </test-method> <!-- test_premium -->
        <test-method signature="test_premium(java.lang.String, int, boolean, boolean, boolean, eost.License$Status)[pri:0, instance:eost.LicenseTest@6933b6c6]" started-at="2023-11-20T16:02:53 CST" name="test_premium" data-provider="dataset1" finished-at="2023-11-20T16:02:54 CST" duration-ms="1" status="PASS">
          <params>
            <param index="0">
              <value>
                <![CDATA[TEP2]]>
              </value>
            </param>
            <param index="1">
              <value>
                <![CDATA[19]]>
              </value>
            </param>
            <param index="2">
              <value>
                <![CDATA[false]]>
              </value>
            </param>
            <param index="3">
              <value>
                <![CDATA[false]]>
              </value>
            </param>
            <param index="4">
              <value>
                <![CDATA[false]]>
              </value>
            </param>
            <param index="5">
              <value>
                <![CDATA[DENIED]]>
              </value>
            </param>
          </params>
          <reporter-output>
          </reporter-output>
        </test-method> <!-- test_premium -->
        <test-method signature="test_premium(java.lang.String, int, boolean, boolean, boolean, eost.License$Status)[pri:0, instance:eost.LicenseTest@6933b6c6]" started-at="2023-11-20T16:02:54 CST" name="test_premium" data-provider="dataset1" finished-at="2023-11-20T16:02:54 CST" duration-ms="0" status="PASS">
          <params>
            <param index="0">
              <value>
                <![CDATA[TEP4]]>
              </value>
            </param>
            <param index="1">
              <value>
                <![CDATA[90]]>
              </value>
            </param>
            <param index="2">
              <value>
                <![CDATA[false]]>
              </value>
            </param>
            <param index="3">
              <value>
                <![CDATA[false]]>
              </value>
            </param>
            <param index="4">
              <value>
                <![CDATA[false]]>
              </value>
            </param>
            <param index="5">
              <value>
                <![CDATA[DENIED]]>
              </value>
            </param>
          </params>
          <reporter-output>
          </reporter-output>
        </test-method> <!-- test_premium -->
        <test-method signature="test_premium(java.lang.String, int, boolean, boolean, boolean, eost.License$Status)[pri:0, instance:eost.LicenseTest@6933b6c6]" started-at="2023-11-20T16:02:54 CST" name="test_premium" data-provider="dataset1" finished-at="2023-11-20T16:02:54 CST" duration-ms="0" status="PASS">
          <params>
            <param index="0">
              <value>
                <![CDATA[TEP3]]>
              </value>
            </param>
            <param index="1">
              <value>
                <![CDATA[30]]>
              </value>
            </param>
            <param index="2">
              <value>
                <![CDATA[false]]>
              </value>
            </param>
            <param index="3">
              <value>
                <![CDATA[false]]>
              </value>
            </param>
            <param index="4">
              <value>
                <![CDATA[false]]>
              </value>
            </param>
            <param index="5">
              <value>
                <![CDATA[DENIED]]>
              </value>
            </param>
          </params>
          <reporter-output>
          </reporter-output>
        </test-method> <!-- test_premium -->
        <test-method signature="test_premium(java.lang.String, int, boolean, boolean, boolean, eost.License$Status)[pri:0, instance:eost.LicenseTest@6933b6c6]" started-at="2023-11-20T16:02:54 CST" name="test_premium" data-provider="dataset1" finished-at="2023-11-20T16:02:54 CST" duration-ms="0" status="PASS">
          <params>
            <param index="0">
              <value>
                <![CDATA[TBV3]]>
              </value>
            </param>
            <param index="1">
              <value>
                <![CDATA[18]]>
              </value>
            </param>
            <param index="2">
              <value>
                <![CDATA[false]]>
              </value>
            </param>
            <param index="3">
              <value>
                <![CDATA[false]]>
              </value>
            </param>
            <param index="4">
              <value>
                <![CDATA[false]]>
              </value>
            </param>
            <param index="5">
              <value>
                <![CDATA[DENIED]]>
              </value>
            </param>
          </params>
          <reporter-output>
          </reporter-output>
        </test-method> <!-- test_premium -->
        <test-method signature="test_premium(java.lang.String, int, boolean, boolean, boolean, eost.License$Status)[pri:0, instance:eost.LicenseTest@6933b6c6]" started-at="2023-11-20T16:02:54 CST" name="test_premium" data-provider="dataset1" finished-at="2023-11-20T16:02:54 CST" duration-ms="0" status="PASS">
          <params>
            <param index="0">
              <value>
                <![CDATA[TBV2]]>
              </value>
            </param>
            <param index="1">
              <value>
                <![CDATA[17]]>
              </value>
            </param>
            <param index="2">
              <value>
                <![CDATA[false]]>
              </value>
            </param>
            <param index="3">
              <value>
                <![CDATA[false]]>
              </value>
            </param>
            <param index="4">
              <value>
                <![CDATA[false]]>
              </value>
            </param>
            <param index="5">
              <value>
                <![CDATA[DENIED]]>
              </value>
            </param>
          </params>
          <reporter-output>
          </reporter-output>
        </test-method> <!-- test_premium -->
        <test-method signature="test_premium(java.lang.String, int, boolean, boolean, boolean, eost.License$Status)[pri:0, instance:eost.LicenseTest@6933b6c6]" started-at="2023-11-20T16:02:54 CST" name="test_premium" data-provider="dataset1" finished-at="2023-11-20T16:02:54 CST" duration-ms="0" status="PASS">
          <params>
            <param index="0">
              <value>
                <![CDATA[TBV1]]>
              </value>
            </param>
            <param index="1">
              <value>
                <![CDATA[0]]>
              </value>
            </param>
            <param index="2">
              <value>
                <![CDATA[true]]>
              </value>
            </param>
            <param index="3">
              <value>
                <![CDATA[true]]>
              </value>
            </param>
            <param index="4">
              <value>
                <![CDATA[true]]>
              </value>
            </param>
            <param index="5">
              <value>
                <![CDATA[DENIED]]>
              </value>
            </param>
          </params>
          <reporter-output>
          </reporter-output>
        </test-method> <!-- test_premium -->
        <test-method signature="test_premium(java.lang.String, int, boolean, boolean, boolean, eost.License$Status)[pri:0, instance:eost.LicenseTest@6933b6c6]" started-at="2023-11-20T16:02:54 CST" name="test_premium" data-provider="dataset1" finished-at="2023-11-20T16:02:54 CST" duration-ms="0" status="PASS">
          <params>
            <param index="0">
              <value>
                <![CDATA[TEP5]]>
              </value>
            </param>
            <param index="1">
              <value>
                <![CDATA[-10]]>
              </value>
            </param>
            <param index="2">
              <value>
                <![CDATA[false]]>
              </value>
            </param>
            <param index="3">
              <value>
                <![CDATA[false]]>
              </value>
            </param>
            <param index="4">
              <value>
                <![CDATA[false]]>
              </value>
            </param>
            <param index="5">
              <value>
                <![CDATA[ERROR]]>
              </value>
            </param>
          </params>
          <reporter-output>
          </reporter-output>
        </test-method> <!-- test_premium -->
        <test-method signature="test_premium(java.lang.String, int, boolean, boolean, boolean, eost.License$Status)[pri:0, instance:eost.LicenseTest@6933b6c6]" started-at="2023-11-20T16:02:54 CST" name="test_premium" data-provider="dataset1" finished-at="2023-11-20T16:02:54 CST" duration-ms="0" status="PASS">
          <params>
            <param index="0">
              <value>
                <![CDATA[TBV6]]>
              </value>
            </param>
            <param index="1">
              <value>
                <![CDATA[80]]>
              </value>
            </param>
            <param index="2">
              <value>
                <![CDATA[false]]>
              </value>
            </param>
            <param index="3">
              <value>
                <![CDATA[false]]>
              </value>
            </param>
            <param index="4">
              <value>
                <![CDATA[false]]>
              </value>
            </param>
            <param index="5">
              <value>
                <![CDATA[DENIED]]>
              </value>
            </param>
          </params>
          <reporter-output>
          </reporter-output>
        </test-method> <!-- test_premium -->
        <test-method signature="test_premium(java.lang.String, int, boolean, boolean, boolean, eost.License$Status)[pri:0, instance:eost.LicenseTest@6933b6c6]" started-at="2023-11-20T16:02:54 CST" name="test_premium" data-provider="dataset1" finished-at="2023-11-20T16:02:54 CST" duration-ms="0" status="PASS">
          <params>
            <param index="0">
              <value>
                <![CDATA[TBV4]]>
              </value>
            </param>
            <param index="1">
              <value>
                <![CDATA[20]]>
              </value>
            </param>
            <param index="2">
              <value>
                <![CDATA[false]]>
              </value>
            </param>
            <param index="3">
              <value>
                <![CDATA[false]]>
              </value>
            </param>
            <param index="4">
              <value>
                <![CDATA[false]]>
              </value>
            </param>
            <param index="5">
              <value>
                <![CDATA[DENIED]]>
              </value>
            </param>
          </params>
          <reporter-output>
          </reporter-output>
        </test-method> <!-- test_premium -->
        <test-method signature="test_premium(java.lang.String, int, boolean, boolean, boolean, eost.License$Status)[pri:0, instance:eost.LicenseTest@6933b6c6]" started-at="2023-11-20T16:02:54 CST" name="test_premium" data-provider="dataset1" finished-at="2023-11-20T16:02:54 CST" duration-ms="1" status="PASS">
          <params>
            <param index="0">
              <value>
                <![CDATA[TBV7]]>
              </value>
            </param>
            <param index="1">
              <value>
                <![CDATA[81]]>
              </value>
            </param>
            <param index="2">
              <value>
                <![CDATA[false]]>
              </value>
            </param>
            <param index="3">
              <value>
                <![CDATA[false]]>
              </value>
            </param>
            <param index="4">
              <value>
                <![CDATA[false]]>
              </value>
            </param>
            <param index="5">
              <value>
                <![CDATA[DENIED]]>
              </value>
            </param>
          </params>
          <reporter-output>
          </reporter-output>
        </test-method> <!-- test_premium -->
        <test-method signature="test_premium(java.lang.String, int, boolean, boolean, boolean, eost.License$Status)[pri:0, instance:eost.LicenseTest@6933b6c6]" started-at="2023-11-20T16:02:54 CST" name="test_premium" data-provider="dataset1" finished-at="2023-11-20T16:02:54 CST" duration-ms="0" status="PASS">
          <params>
            <param index="0">
              <value>
                <![CDATA[TBV5]]>
              </value>
            </param>
            <param index="1">
              <value>
                <![CDATA[21]]>
              </value>
            </param>
            <param index="2">
              <value>
                <![CDATA[false]]>
              </value>
            </param>
            <param index="3">
              <value>
                <![CDATA[false]]>
              </value>
            </param>
            <param index="4">
              <value>
                <![CDATA[false]]>
              </value>
            </param>
            <param index="5">
              <value>
                <![CDATA[DENIED]]>
              </value>
            </param>
          </params>
          <reporter-output>
          </reporter-output>
        </test-method> <!-- test_premium -->
        <test-method signature="test_premium(java.lang.String, int, boolean, boolean, boolean, eost.License$Status)[pri:0, instance:eost.LicenseTest@6933b6c6]" started-at="2023-11-20T16:02:54 CST" name="test_premium" data-provider="dataset1" finished-at="2023-11-20T16:02:54 CST" duration-ms="0" status="PASS">
          <params>
            <param index="0">
              <value>
                <![CDATA[TBV10]]>
              </value>
            </param>
            <param index="1">
              <value>
                <![CDATA[-1]]>
              </value>
            </param>
            <param index="2">
              <value>
                <![CDATA[false]]>
              </value>
            </param>
            <param index="3">
              <value>
                <![CDATA[false]]>
              </value>
            </param>
            <param index="4">
              <value>
                <![CDATA[false]]>
              </value>
            </param>
            <param index="5">
              <value>
                <![CDATA[ERROR]]>
              </value>
            </param>
          </params>
          <reporter-output>
          </reporter-output>
        </test-method> <!-- test_premium -->
        <test-method signature="test_premium(java.lang.String, int, boolean, boolean, boolean, eost.License$Status)[pri:0, instance:eost.LicenseTest@6933b6c6]" started-at="2023-11-20T16:02:54 CST" name="test_premium" data-provider="dataset1" finished-at="2023-11-20T16:02:54 CST" duration-ms="0" status="PASS">
          <params>
            <param index="0">
              <value>
                <![CDATA[TBV9]]>
              </value>
            </param>
            <param index="1">
              <value>
                <![CDATA[-2147483648]]>
              </value>
            </param>
            <param index="2">
              <value>
                <![CDATA[false]]>
              </value>
            </param>
            <param index="3">
              <value>
                <![CDATA[false]]>
              </value>
            </param>
            <param index="4">
              <value>
                <![CDATA[false]]>
              </value>
            </param>
            <param index="5">
              <value>
                <![CDATA[ERROR]]>
              </value>
            </param>
          </params>
          <reporter-output>
          </reporter-output>
        </test-method> <!-- test_premium -->
        <test-method signature="test_premium(java.lang.String, int, boolean, boolean, boolean, eost.License$Status)[pri:0, instance:eost.LicenseTest@6933b6c6]" started-at="2023-11-20T16:02:54 CST" name="test_premium" data-provider="dataset1" finished-at="2023-11-20T16:02:54 CST" duration-ms="0" status="PASS">
          <params>
            <param index="0">
              <value>
                <![CDATA[TBV8]]>
              </value>
            </param>
            <param index="1">
              <value>
                <![CDATA[2147483647]]>
              </value>
            </param>
            <param index="2">
              <value>
                <![CDATA[false]]>
              </value>
            </param>
            <param index="3">
              <value>
                <![CDATA[false]]>
              </value>
            </param>
            <param index="4">
              <value>
                <![CDATA[false]]>
              </value>
            </param>
            <param index="5">
              <value>
                <![CDATA[DENIED]]>
              </value>
            </param>
          </params>
          <reporter-output>
          </reporter-output>
        </test-method> <!-- test_premium -->
        <test-method signature="test_premium(java.lang.String, int, boolean, boolean, boolean, eost.License$Status)[pri:0, instance:eost.LicenseTest@6933b6c6]" started-at="2023-11-20T16:02:54 CST" name="test_premium" data-provider="dataset1" finished-at="2023-11-20T16:02:54 CST" duration-ms="1" status="PASS">
          <params>
            <param index="0">
              <value>
                <![CDATA[TDT1]]>
              </value>
            </param>
            <param index="1">
              <value>
                <![CDATA[15]]>
              </value>
            </param>
            <param index="2">
              <value>
                <![CDATA[true]]>
              </value>
            </param>
            <param index="3">
              <value>
                <![CDATA[true]]>
              </value>
            </param>
            <param index="4">
              <value>
                <![CDATA[false]]>
              </value>
            </param>
            <param index="5">
              <value>
                <![CDATA[DENIED]]>
              </value>
            </param>
          </params>
          <reporter-output>
          </reporter-output>
        </test-method> <!-- test_premium -->
        <test-method signature="test_premium(java.lang.String, int, boolean, boolean, boolean, eost.License$Status)[pri:0, instance:eost.LicenseTest@6933b6c6]" started-at="2023-11-20T16:02:54 CST" name="test_premium" data-provider="dataset1" finished-at="2023-11-20T16:02:54 CST" duration-ms="0" status="PASS">
          <params>
            <param index="0">
              <value>
                <![CDATA[TDT4]]>
              </value>
            </param>
            <param index="1">
              <value>
                <![CDATA[15]]>
              </value>
            </param>
            <param index="2">
              <value>
                <![CDATA[false]]>
              </value>
            </param>
            <param index="3">
              <value>
                <![CDATA[true]]>
              </value>
            </param>
            <param index="4">
              <value>
                <![CDATA[true]]>
              </value>
            </param>
            <param index="5">
              <value>
                <![CDATA[DENIED]]>
              </value>
            </param>
          </params>
          <reporter-output>
          </reporter-output>
        </test-method> <!-- test_premium -->
        <test-method signature="test_premium(java.lang.String, int, boolean, boolean, boolean, eost.License$Status)[pri:0, instance:eost.LicenseTest@6933b6c6]" started-at="2023-11-20T16:02:54 CST" name="test_premium" data-provider="dataset1" finished-at="2023-11-20T16:02:54 CST" duration-ms="0" status="PASS">
          <params>
            <param index="0">
              <value>
                <![CDATA[TDT5]]>
              </value>
            </param>
            <param index="1">
              <value>
                <![CDATA[15]]>
              </value>
            </param>
            <param index="2">
              <value>
                <![CDATA[false]]>
              </value>
            </param>
            <param index="3">
              <value>
                <![CDATA[true]]>
              </value>
            </param>
            <param index="4">
              <value>
                <![CDATA[false]]>
              </value>
            </param>
            <param index="5">
              <value>
                <![CDATA[DENIED]]>
              </value>
            </param>
          </params>
          <reporter-output>
          </reporter-output>
        </test-method> <!-- test_premium -->
        <test-method signature="test_premium(java.lang.String, int, boolean, boolean, boolean, eost.License$Status)[pri:0, instance:eost.LicenseTest@6933b6c6]" started-at="2023-11-20T16:02:54 CST" name="test_premium" data-provider="dataset1" finished-at="2023-11-20T16:02:54 CST" duration-ms="0" status="PASS">
          <params>
            <param index="0">
              <value>
                <![CDATA[TDT3]]>
              </value>
            </param>
            <param index="1">
              <value>
                <![CDATA[15]]>
              </value>
            </param>
            <param index="2">
              <value>
                <![CDATA[true]]>
              </value>
            </param>
            <param index="3">
              <value>
                <![CDATA[false]]>
              </value>
            </param>
            <param index="4">
              <value>
                <![CDATA[false]]>
              </value>
            </param>
            <param index="5">
              <value>
                <![CDATA[DENIED]]>
              </value>
            </param>
          </params>
          <reporter-output>
          </reporter-output>
        </test-method> <!-- test_premium -->
        <test-method signature="test_premium(java.lang.String, int, boolean, boolean, boolean, eost.License$Status)[pri:0, instance:eost.LicenseTest@6933b6c6]" started-at="2023-11-20T16:02:54 CST" name="test_premium" data-provider="dataset1" finished-at="2023-11-20T16:02:54 CST" duration-ms="0" status="PASS">
          <params>
            <param index="0">
              <value>
                <![CDATA[TDT2]]>
              </value>
            </param>
            <param index="1">
              <value>
                <![CDATA[15]]>
              </value>
            </param>
            <param index="2">
              <value>
                <![CDATA[true]]>
              </value>
            </param>
            <param index="3">
              <value>
                <![CDATA[false]]>
              </value>
            </param>
            <param index="4">
              <value>
                <![CDATA[true]]>
              </value>
            </param>
            <param index="5">
              <value>
                <![CDATA[DENIED]]>
              </value>
            </param>
          </params>
          <reporter-output>
          </reporter-output>
        </test-method> <!-- test_premium -->
        <test-method signature="test_premium(java.lang.String, int, boolean, boolean, boolean, eost.License$Status)[pri:0, instance:eost.LicenseTest@6933b6c6]" started-at="2023-11-20T16:02:54 CST" name="test_premium" data-provider="dataset1" finished-at="2023-11-20T16:02:54 CST" duration-ms="2" status="FAIL">
          <params>
            <param index="0">
              <value>
                <![CDATA[TDT8]]>
              </value>
            </param>
            <param index="1">
              <value>
                <![CDATA[19]]>
              </value>
            </param>
            <param index="2">
              <value>
                <![CDATA[true]]>
              </value>
            </param>
            <param index="3">
              <value>
                <![CDATA[true]]>
              </value>
            </param>
            <param index="4">
              <value>
                <![CDATA[false]]>
              </value>
            </param>
            <param index="5">
              <value>
                <![CDATA[GRANTED]]>
              </value>
            </param>
          </params>
          <exception class="java.lang.AssertionError">
            <message>
              <![CDATA[expected [GRANTED] but found [DENIED]]]>
            </message>
            <full-stacktrace>
              <![CDATA[java.lang.AssertionError: expected [GRANTED] but found [DENIED]
at org.testng.Assert.fail(Assert.java:97)
at org.testng.Assert.assertEqualsImpl(Assert.java:136)
at org.testng.Assert.assertEquals(Assert.java:118)
at org.testng.Assert.assertEquals(Assert.java:563)
at eost.LicenseTest.test_premium(LicenseTest.java:75)
at java.base/jdk.internal.reflect.DirectMethodHandleAccessor.invoke(DirectMethodHandleAccessor.java:104)
at java.base/java.lang.reflect.Method.invoke(Method.java:577)
at org.testng.internal.MethodInvocationHelper.invokeMethod(MethodInvocationHelper.java:134)
at org.testng.internal.TestInvoker.invokeMethod(TestInvoker.java:597)
at org.testng.internal.TestInvoker.invokeTestMethod(TestInvoker.java:173)
at org.testng.internal.MethodRunner.runInSequence(MethodRunner.java:46)
at org.testng.internal.TestInvoker$MethodInvocationAgent.invoke(TestInvoker.java:816)
at org.testng.internal.TestInvoker.invokeTestMethods(TestInvoker.java:146)
at org.testng.internal.TestMethodWorker.invokeTestMethods(TestMethodWorker.java:146)
at org.testng.internal.TestMethodWorker.run(TestMethodWorker.java:128)
at java.base/java.util.ArrayList.forEach(ArrayList.java:1511)
at org.testng.TestRunner.privateRun(TestRunner.java:766)
at org.testng.TestRunner.run(TestRunner.java:587)
at org.testng.SuiteRunner.runTest(SuiteRunner.java:384)
at org.testng.SuiteRunner.runSequentially(SuiteRunner.java:378)
at org.testng.SuiteRunner.privateRun(SuiteRunner.java:337)
at org.testng.SuiteRunner.run(SuiteRunner.java:286)
at org.testng.SuiteRunnerWorker.runSuite(SuiteRunnerWorker.java:53)
at org.testng.SuiteRunnerWorker.run(SuiteRunnerWorker.java:96)
at org.testng.TestNG.runSuitesSequentially(TestNG.java:1187)
at org.testng.TestNG.runSuitesLocally(TestNG.java:1109)
at org.testng.TestNG.runSuites(TestNG.java:1039)
at org.testng.TestNG.run(TestNG.java:1007)
at org.testng.TestNG.privateMain(TestNG.java:1336)
at org.testng.TestNG.main(TestNG.java:1304)
]]>
            </full-stacktrace>
          </exception> <!-- java.lang.AssertionError -->
          <reporter-output>
          </reporter-output>
        </test-method> <!-- test_premium -->
        <test-method signature="test_premium(java.lang.String, int, boolean, boolean, boolean, eost.License$Status)[pri:0, instance:eost.LicenseTest@6933b6c6]" started-at="2023-11-20T16:02:54 CST" name="test_premium" data-provider="dataset1" finished-at="2023-11-20T16:02:54 CST" duration-ms="0" status="PASS">
          <params>
            <param index="0">
              <value>
                <![CDATA[TDT7]]>
              </value>
            </param>
            <param index="1">
              <value>
                <![CDATA[19]]>
              </value>
            </param>
            <param index="2">
              <value>
                <![CDATA[true]]>
              </value>
            </param>
            <param index="3">
              <value>
                <![CDATA[true]]>
              </value>
            </param>
            <param index="4">
              <value>
                <![CDATA[true]]>
              </value>
            </param>
            <param index="5">
              <value>
                <![CDATA[GRANTED]]>
              </value>
            </param>
          </params>
          <reporter-output>
          </reporter-output>
        </test-method> <!-- test_premium -->
        <test-method signature="test_premium(java.lang.String, int, boolean, boolean, boolean, eost.License$Status)[pri:0, instance:eost.LicenseTest@6933b6c6]" started-at="2023-11-20T16:02:54 CST" name="test_premium" data-provider="dataset1" finished-at="2023-11-20T16:02:54 CST" duration-ms="0" status="PASS">
          <params>
            <param index="0">
              <value>
                <![CDATA[TDT6]]>
              </value>
            </param>
            <param index="1">
              <value>
                <![CDATA[15]]>
              </value>
            </param>
            <param index="2">
              <value>
                <![CDATA[false]]>
              </value>
            </param>
            <param index="3">
              <value>
                <![CDATA[false]]>
              </value>
            </param>
            <param index="4">
              <value>
                <![CDATA[true]]>
              </value>
            </param>
            <param index="5">
              <value>
                <![CDATA[DENIED]]>
              </value>
            </param>
          </params>
          <reporter-output>
          </reporter-output>
        </test-method> <!-- test_premium -->
        <test-method signature="test_premium(java.lang.String, int, boolean, boolean, boolean, eost.License$Status)[pri:0, instance:eost.LicenseTest@6933b6c6]" started-at="2023-11-20T16:02:54 CST" name="test_premium" data-provider="dataset1" finished-at="2023-11-20T16:02:54 CST" duration-ms="0" status="PASS">
          <params>
            <param index="0">
              <value>
                <![CDATA[TDT9]]>
              </value>
            </param>
            <param index="1">
              <value>
                <![CDATA[19]]>
              </value>
            </param>
            <param index="2">
              <value>
                <![CDATA[true]]>
              </value>
            </param>
            <param index="3">
              <value>
                <![CDATA[false]]>
              </value>
            </param>
            <param index="4">
              <value>
                <![CDATA[true]]>
              </value>
            </param>
            <param index="5">
              <value>
                <![CDATA[DENIED]]>
              </value>
            </param>
          </params>
          <reporter-output>
          </reporter-output>
        </test-method> <!-- test_premium -->
        <test-method signature="test_premium(java.lang.String, int, boolean, boolean, boolean, eost.License$Status)[pri:0, instance:eost.LicenseTest@6933b6c6]" started-at="2023-11-20T16:02:54 CST" name="test_premium" data-provider="dataset1" finished-at="2023-11-20T16:02:54 CST" duration-ms="0" status="PASS">
          <params>
            <param index="0">
              <value>
                <![CDATA[TDT12]]>
              </value>
            </param>
            <param index="1">
              <value>
                <![CDATA[19]]>
              </value>
            </param>
            <param index="2">
              <value>
                <![CDATA[false]]>
              </value>
            </param>
            <param index="3">
              <value>
                <![CDATA[true]]>
              </value>
            </param>
            <param index="4">
              <value>
                <![CDATA[false]]>
              </value>
            </param>
            <param index="5">
              <value>
                <![CDATA[DENIED]]>
              </value>
            </param>
          </params>
          <reporter-output>
          </reporter-output>
        </test-method> <!-- test_premium -->
        <test-method signature="test_premium(java.lang.String, int, boolean, boolean, boolean, eost.License$Status)[pri:0, instance:eost.LicenseTest@6933b6c6]" started-at="2023-11-20T16:02:54 CST" name="test_premium" data-provider="dataset1" finished-at="2023-11-20T16:02:54 CST" duration-ms="0" status="FAIL">
          <params>
            <param index="0">
              <value>
                <![CDATA[TDT10]]>
              </value>
            </param>
            <param index="1">
              <value>
                <![CDATA[19]]>
              </value>
            </param>
            <param index="2">
              <value>
                <![CDATA[true]]>
              </value>
            </param>
            <param index="3">
              <value>
                <![CDATA[false]]>
              </value>
            </param>
            <param index="4">
              <value>
                <![CDATA[false]]>
              </value>
            </param>
            <param index="5">
              <value>
                <![CDATA[TEMPORARY]]>
              </value>
            </param>
          </params>
          <exception class="java.lang.AssertionError">
            <message>
              <![CDATA[expected [TEMPORARY] but found [DENIED]]]>
            </message>
            <full-stacktrace>
              <![CDATA[java.lang.AssertionError: expected [TEMPORARY] but found [DENIED]
at org.testng.Assert.fail(Assert.java:97)
at org.testng.Assert.assertEqualsImpl(Assert.java:136)
at org.testng.Assert.assertEquals(Assert.java:118)
at org.testng.Assert.assertEquals(Assert.java:563)
at eost.LicenseTest.test_premium(LicenseTest.java:75)
at java.base/jdk.internal.reflect.DirectMethodHandleAccessor.invoke(DirectMethodHandleAccessor.java:104)
at java.base/java.lang.reflect.Method.invoke(Method.java:577)
at org.testng.internal.MethodInvocationHelper.invokeMethod(MethodInvocationHelper.java:134)
at org.testng.internal.TestInvoker.invokeMethod(TestInvoker.java:597)
at org.testng.internal.TestInvoker.invokeTestMethod(TestInvoker.java:173)
at org.testng.internal.MethodRunner.runInSequence(MethodRunner.java:46)
at org.testng.internal.TestInvoker$MethodInvocationAgent.invoke(TestInvoker.java:816)
at org.testng.internal.TestInvoker.invokeTestMethods(TestInvoker.java:146)
at org.testng.internal.TestMethodWorker.invokeTestMethods(TestMethodWorker.java:146)
at org.testng.internal.TestMethodWorker.run(TestMethodWorker.java:128)
at java.base/java.util.ArrayList.forEach(ArrayList.java:1511)
at org.testng.TestRunner.privateRun(TestRunner.java:766)
at org.testng.TestRunner.run(TestRunner.java:587)
at org.testng.SuiteRunner.runTest(SuiteRunner.java:384)
at org.testng.SuiteRunner.runSequentially(SuiteRunner.java:378)
at org.testng.SuiteRunner.privateRun(SuiteRunner.java:337)
at org.testng.SuiteRunner.run(SuiteRunner.java:286)
at org.testng.SuiteRunnerWorker.runSuite(SuiteRunnerWorker.java:53)
at org.testng.SuiteRunnerWorker.run(SuiteRunnerWorker.java:96)
at org.testng.TestNG.runSuitesSequentially(TestNG.java:1187)
at org.testng.TestNG.runSuitesLocally(TestNG.java:1109)
at org.testng.TestNG.runSuites(TestNG.java:1039)
at org.testng.TestNG.run(TestNG.java:1007)
at org.testng.TestNG.privateMain(TestNG.java:1336)
at org.testng.TestNG.main(TestNG.java:1304)
]]>
            </full-stacktrace>
          </exception> <!-- java.lang.AssertionError -->
          <reporter-output>
          </reporter-output>
        </test-method> <!-- test_premium -->
        <test-method signature="test_premium(java.lang.String, int, boolean, boolean, boolean, eost.License$Status)[pri:0, instance:eost.LicenseTest@6933b6c6]" started-at="2023-11-20T16:02:54 CST" name="test_premium" data-provider="dataset1" finished-at="2023-11-20T16:02:54 CST" duration-ms="0" status="PASS">
          <params>
            <param index="0">
              <value>
                <![CDATA[TDT13]]>
              </value>
            </param>
            <param index="1">
              <value>
                <![CDATA[19]]>
              </value>
            </param>
            <param index="2">
              <value>
                <![CDATA[false]]>
              </value>
            </param>
            <param index="3">
              <value>
                <![CDATA[false]]>
              </value>
            </param>
            <param index="4">
              <value>
                <![CDATA[true]]>
              </value>
            </param>
            <param index="5">
              <value>
                <![CDATA[DENIED]]>
              </value>
            </param>
          </params>
          <reporter-output>
          </reporter-output>
        </test-method> <!-- test_premium -->
        <test-method signature="test_premium(java.lang.String, int, boolean, boolean, boolean, eost.License$Status)[pri:0, instance:eost.LicenseTest@6933b6c6]" started-at="2023-11-20T16:02:54 CST" name="test_premium" data-provider="dataset1" finished-at="2023-11-20T16:02:54 CST" duration-ms="0" status="PASS">
          <params>
            <param index="0">
              <value>
                <![CDATA[TDT11]]>
              </value>
            </param>
            <param index="1">
              <value>
                <![CDATA[19]]>
              </value>
            </param>
            <param index="2">
              <value>
                <![CDATA[false]]>
              </value>
            </param>
            <param index="3">
              <value>
                <![CDATA[true]]>
              </value>
            </param>
            <param index="4">
              <value>
                <![CDATA[true]]>
              </value>
            </param>
            <param index="5">
              <value>
                <![CDATA[DENIED]]>
              </value>
            </param>
          </params>
          <reporter-output>
          </reporter-output>
        </test-method> <!-- test_premium -->
        <test-method signature="test_premium(java.lang.String, int, boolean, boolean, boolean, eost.License$Status)[pri:0, instance:eost.LicenseTest@6933b6c6]" started-at="2023-11-20T16:02:54 CST" name="test_premium" data-provider="dataset1" finished-at="2023-11-20T16:02:54 CST" duration-ms="0" status="FAIL">
          <params>
            <param index="0">
              <value>
                <![CDATA[TDT15]]>
              </value>
            </param>
            <param index="1">
              <value>
                <![CDATA[30]]>
              </value>
            </param>
            <param index="2">
              <value>
                <![CDATA[true]]>
              </value>
            </param>
            <param index="3">
              <value>
                <![CDATA[true]]>
              </value>
            </param>
            <param index="4">
              <value>
                <![CDATA[false]]>
              </value>
            </param>
            <param index="5">
              <value>
                <![CDATA[GRANTED]]>
              </value>
            </param>
          </params>
          <exception class="java.lang.AssertionError">
            <message>
              <![CDATA[expected [GRANTED] but found [DENIED]]]>
            </message>
            <full-stacktrace>
              <![CDATA[java.lang.AssertionError: expected [GRANTED] but found [DENIED]
at org.testng.Assert.fail(Assert.java:97)
at org.testng.Assert.assertEqualsImpl(Assert.java:136)
at org.testng.Assert.assertEquals(Assert.java:118)
at org.testng.Assert.assertEquals(Assert.java:563)
at eost.LicenseTest.test_premium(LicenseTest.java:75)
at java.base/jdk.internal.reflect.DirectMethodHandleAccessor.invoke(DirectMethodHandleAccessor.java:104)
at java.base/java.lang.reflect.Method.invoke(Method.java:577)
at org.testng.internal.MethodInvocationHelper.invokeMethod(MethodInvocationHelper.java:134)
at org.testng.internal.TestInvoker.invokeMethod(TestInvoker.java:597)
at org.testng.internal.TestInvoker.invokeTestMethod(TestInvoker.java:173)
at org.testng.internal.MethodRunner.runInSequence(MethodRunner.java:46)
at org.testng.internal.TestInvoker$MethodInvocationAgent.invoke(TestInvoker.java:816)
at org.testng.internal.TestInvoker.invokeTestMethods(TestInvoker.java:146)
at org.testng.internal.TestMethodWorker.invokeTestMethods(TestMethodWorker.java:146)
at org.testng.internal.TestMethodWorker.run(TestMethodWorker.java:128)
at java.base/java.util.ArrayList.forEach(ArrayList.java:1511)
at org.testng.TestRunner.privateRun(TestRunner.java:766)
at org.testng.TestRunner.run(TestRunner.java:587)
at org.testng.SuiteRunner.runTest(SuiteRunner.java:384)
at org.testng.SuiteRunner.runSequentially(SuiteRunner.java:378)
at org.testng.SuiteRunner.privateRun(SuiteRunner.java:337)
at org.testng.SuiteRunner.run(SuiteRunner.java:286)
at org.testng.SuiteRunnerWorker.runSuite(SuiteRunnerWorker.java:53)
at org.testng.SuiteRunnerWorker.run(SuiteRunnerWorker.java:96)
at org.testng.TestNG.runSuitesSequentially(TestNG.java:1187)
at org.testng.TestNG.runSuitesLocally(TestNG.java:1109)
at org.testng.TestNG.runSuites(TestNG.java:1039)
at org.testng.TestNG.run(TestNG.java:1007)
at org.testng.TestNG.privateMain(TestNG.java:1336)
at org.testng.TestNG.main(TestNG.java:1304)
]]>
            </full-stacktrace>
          </exception> <!-- java.lang.AssertionError -->
          <reporter-output>
          </reporter-output>
        </test-method> <!-- test_premium -->
        <test-method signature="test_premium(java.lang.String, int, boolean, boolean, boolean, eost.License$Status)[pri:0, instance:eost.LicenseTest@6933b6c6]" started-at="2023-11-20T16:02:54 CST" name="test_premium" data-provider="dataset1" finished-at="2023-11-20T16:02:54 CST" duration-ms="1" status="PASS">
          <params>
            <param index="0">
              <value>
                <![CDATA[TDT17]]>
              </value>
            </param>
            <param index="1">
              <value>
                <![CDATA[30]]>
              </value>
            </param>
            <param index="2">
              <value>
                <![CDATA[true]]>
              </value>
            </param>
            <param index="3">
              <value>
                <![CDATA[false]]>
              </value>
            </param>
            <param index="4">
              <value>
                <![CDATA[false]]>
              </value>
            </param>
            <param index="5">
              <value>
                <![CDATA[DENIED]]>
              </value>
            </param>
          </params>
          <reporter-output>
          </reporter-output>
        </test-method> <!-- test_premium -->
        <test-method signature="test_premium(java.lang.String, int, boolean, boolean, boolean, eost.License$Status)[pri:0, instance:eost.LicenseTest@6933b6c6]" started-at="2023-11-20T16:02:54 CST" name="test_premium" data-provider="dataset1" finished-at="2023-11-20T16:02:54 CST" duration-ms="0" status="PASS">
          <params>
            <param index="0">
              <value>
                <![CDATA[TDT14]]>
              </value>
            </param>
            <param index="1">
              <value>
                <![CDATA[30]]>
              </value>
            </param>
            <param index="2">
              <value>
                <![CDATA[true]]>
              </value>
            </param>
            <param index="3">
              <value>
                <![CDATA[true]]>
              </value>
            </param>
            <param index="4">
              <value>
                <![CDATA[true]]>
              </value>
            </param>
            <param index="5">
              <value>
                <![CDATA[GRANTED]]>
              </value>
            </param>
          </params>
          <reporter-output>
          </reporter-output>
        </test-method> <!-- test_premium -->
        <test-method signature="test_premium(java.lang.String, int, boolean, boolean, boolean, eost.License$Status)[pri:0, instance:eost.LicenseTest@6933b6c6]" started-at="2023-11-20T16:02:54 CST" name="test_premium" data-provider="dataset1" finished-at="2023-11-20T16:02:54 CST" duration-ms="0" status="PASS">
          <params>
            <param index="0">
              <value>
                <![CDATA[TDT16]]>
              </value>
            </param>
            <param index="1">
              <value>
                <![CDATA[30]]>
              </value>
            </param>
            <param index="2">
              <value>
                <![CDATA[true]]>
              </value>
            </param>
            <param index="3">
              <value>
                <![CDATA[false]]>
              </value>
            </param>
            <param index="4">
              <value>
                <![CDATA[true]]>
              </value>
            </param>
            <param index="5">
              <value>
                <![CDATA[DENIED]]>
              </value>
            </param>
          </params>
          <reporter-output>
          </reporter-output>
        </test-method> <!-- test_premium -->
        <test-method signature="test_premium(java.lang.String, int, boolean, boolean, boolean, eost.License$Status)[pri:0, instance:eost.LicenseTest@6933b6c6]" started-at="2023-11-20T16:02:54 CST" name="test_premium" data-provider="dataset1" finished-at="2023-11-20T16:02:54 CST" duration-ms="0" status="FAIL">
          <params>
            <param index="0">
              <value>
                <![CDATA[TDT21]]>
              </value>
            </param>
            <param index="1">
              <value>
                <![CDATA[90]]>
              </value>
            </param>
            <param index="2">
              <value>
                <![CDATA[true]]>
              </value>
            </param>
            <param index="3">
              <value>
                <![CDATA[true]]>
              </value>
            </param>
            <param index="4">
              <value>
                <![CDATA[true]]>
              </value>
            </param>
            <param index="5">
              <value>
                <![CDATA[DENIED]]>
              </value>
            </param>
          </params>
          <exception class="java.lang.AssertionError">
            <message>
              <![CDATA[expected [DENIED] but found [GRANTED]]]>
            </message>
            <full-stacktrace>
              <![CDATA[java.lang.AssertionError: expected [DENIED] but found [GRANTED]
at org.testng.Assert.fail(Assert.java:97)
at org.testng.Assert.assertEqualsImpl(Assert.java:136)
at org.testng.Assert.assertEquals(Assert.java:118)
at org.testng.Assert.assertEquals(Assert.java:563)
at eost.LicenseTest.test_premium(LicenseTest.java:75)
at java.base/jdk.internal.reflect.DirectMethodHandleAccessor.invoke(DirectMethodHandleAccessor.java:104)
at java.base/java.lang.reflect.Method.invoke(Method.java:577)
at org.testng.internal.MethodInvocationHelper.invokeMethod(MethodInvocationHelper.java:134)
at org.testng.internal.TestInvoker.invokeMethod(TestInvoker.java:597)
at org.testng.internal.TestInvoker.invokeTestMethod(TestInvoker.java:173)
at org.testng.internal.MethodRunner.runInSequence(MethodRunner.java:46)
at org.testng.internal.TestInvoker$MethodInvocationAgent.invoke(TestInvoker.java:816)
at org.testng.internal.TestInvoker.invokeTestMethods(TestInvoker.java:146)
at org.testng.internal.TestMethodWorker.invokeTestMethods(TestMethodWorker.java:146)
at org.testng.internal.TestMethodWorker.run(TestMethodWorker.java:128)
at java.base/java.util.ArrayList.forEach(ArrayList.java:1511)
at org.testng.TestRunner.privateRun(TestRunner.java:766)
at org.testng.TestRunner.run(TestRunner.java:587)
at org.testng.SuiteRunner.runTest(SuiteRunner.java:384)
at org.testng.SuiteRunner.runSequentially(SuiteRunner.java:378)
at org.testng.SuiteRunner.privateRun(SuiteRunner.java:337)
at org.testng.SuiteRunner.run(SuiteRunner.java:286)
at org.testng.SuiteRunnerWorker.runSuite(SuiteRunnerWorker.java:53)
at org.testng.SuiteRunnerWorker.run(SuiteRunnerWorker.java:96)
at org.testng.TestNG.runSuitesSequentially(TestNG.java:1187)
at org.testng.TestNG.runSuitesLocally(TestNG.java:1109)
at org.testng.TestNG.runSuites(TestNG.java:1039)
at org.testng.TestNG.run(TestNG.java:1007)
at org.testng.TestNG.privateMain(TestNG.java:1336)
at org.testng.TestNG.main(TestNG.java:1304)
]]>
            </full-stacktrace>
          </exception> <!-- java.lang.AssertionError -->
          <reporter-output>
          </reporter-output>
        </test-method> <!-- test_premium -->
        <test-method signature="test_premium(java.lang.String, int, boolean, boolean, boolean, eost.License$Status)[pri:0, instance:eost.LicenseTest@6933b6c6]" started-at="2023-11-20T16:02:54 CST" name="test_premium" data-provider="dataset1" finished-at="2023-11-20T16:02:54 CST" duration-ms="0" status="PASS">
          <params>
            <param index="0">
              <value>
                <![CDATA[TDT20]]>
              </value>
            </param>
            <param index="1">
              <value>
                <![CDATA[30]]>
              </value>
            </param>
            <param index="2">
              <value>
                <![CDATA[false]]>
              </value>
            </param>
            <param index="3">
              <value>
                <![CDATA[false]]>
              </value>
            </param>
            <param index="4">
              <value>
                <![CDATA[true]]>
              </value>
            </param>
            <param index="5">
              <value>
                <![CDATA[DENIED]]>
              </value>
            </param>
          </params>
          <reporter-output>
          </reporter-output>
        </test-method> <!-- test_premium -->
        <test-method signature="test_premium(java.lang.String, int, boolean, boolean, boolean, eost.License$Status)[pri:0, instance:eost.LicenseTest@6933b6c6]" started-at="2023-11-20T16:02:54 CST" name="test_premium" data-provider="dataset1" finished-at="2023-11-20T16:02:54 CST" duration-ms="0" status="FAIL">
          <params>
            <param index="0">
              <value>
                <![CDATA[TDT19]]>
              </value>
            </param>
            <param index="1">
              <value>
                <![CDATA[30]]>
              </value>
            </param>
            <param index="2">
              <value>
                <![CDATA[false]]>
              </value>
            </param>
            <param index="3">
              <value>
                <![CDATA[true]]>
              </value>
            </param>
            <param index="4">
              <value>
                <![CDATA[false]]>
              </value>
            </param>
            <param index="5">
              <value>
                <![CDATA[GRANTED]]>
              </value>
            </param>
          </params>
          <exception class="java.lang.AssertionError">
            <message>
              <![CDATA[expected [GRANTED] but found [DENIED]]]>
            </message>
            <full-stacktrace>
              <![CDATA[java.lang.AssertionError: expected [GRANTED] but found [DENIED]
at org.testng.Assert.fail(Assert.java:97)
at org.testng.Assert.assertEqualsImpl(Assert.java:136)
at org.testng.Assert.assertEquals(Assert.java:118)
at org.testng.Assert.assertEquals(Assert.java:563)
at eost.LicenseTest.test_premium(LicenseTest.java:75)
at java.base/jdk.internal.reflect.DirectMethodHandleAccessor.invoke(DirectMethodHandleAccessor.java:104)
at java.base/java.lang.reflect.Method.invoke(Method.java:577)
at org.testng.internal.MethodInvocationHelper.invokeMethod(MethodInvocationHelper.java:134)
at org.testng.internal.TestInvoker.invokeMethod(TestInvoker.java:597)
at org.testng.internal.TestInvoker.invokeTestMethod(TestInvoker.java:173)
at org.testng.internal.MethodRunner.runInSequence(MethodRunner.java:46)
at org.testng.internal.TestInvoker$MethodInvocationAgent.invoke(TestInvoker.java:816)
at org.testng.internal.TestInvoker.invokeTestMethods(TestInvoker.java:146)
at org.testng.internal.TestMethodWorker.invokeTestMethods(TestMethodWorker.java:146)
at org.testng.internal.TestMethodWorker.run(TestMethodWorker.java:128)
at java.base/java.util.ArrayList.forEach(ArrayList.java:1511)
at org.testng.TestRunner.privateRun(TestRunner.java:766)
at org.testng.TestRunner.run(TestRunner.java:587)
at org.testng.SuiteRunner.runTest(SuiteRunner.java:384)
at org.testng.SuiteRunner.runSequentially(SuiteRunner.java:378)
at org.testng.SuiteRunner.privateRun(SuiteRunner.java:337)
at org.testng.SuiteRunner.run(SuiteRunner.java:286)
at org.testng.SuiteRunnerWorker.runSuite(SuiteRunnerWorker.java:53)
at org.testng.SuiteRunnerWorker.run(SuiteRunnerWorker.java:96)
at org.testng.TestNG.runSuitesSequentially(TestNG.java:1187)
at org.testng.TestNG.runSuitesLocally(TestNG.java:1109)
at org.testng.TestNG.runSuites(TestNG.java:1039)
at org.testng.TestNG.run(TestNG.java:1007)
at org.testng.TestNG.privateMain(TestNG.java:1336)
at org.testng.TestNG.main(TestNG.java:1304)
]]>
            </full-stacktrace>
          </exception> <!-- java.lang.AssertionError -->
          <reporter-output>
          </reporter-output>
        </test-method> <!-- test_premium -->
        <test-method signature="test_premium(java.lang.String, int, boolean, boolean, boolean, eost.License$Status)[pri:0, instance:eost.LicenseTest@6933b6c6]" started-at="2023-11-20T16:02:54 CST" name="test_premium" data-provider="dataset1" finished-at="2023-11-20T16:02:54 CST" duration-ms="0" status="PASS">
          <params>
            <param index="0">
              <value>
                <![CDATA[TDT18]]>
              </value>
            </param>
            <param index="1">
              <value>
                <![CDATA[30]]>
              </value>
            </param>
            <param index="2">
              <value>
                <![CDATA[false]]>
              </value>
            </param>
            <param index="3">
              <value>
                <![CDATA[true]]>
              </value>
            </param>
            <param index="4">
              <value>
                <![CDATA[true]]>
              </value>
            </param>
            <param index="5">
              <value>
                <![CDATA[GRANTED]]>
              </value>
            </param>
          </params>
          <reporter-output>
          </reporter-output>
        </test-method> <!-- test_premium -->
        <test-method signature="test_premium(java.lang.String, int, boolean, boolean, boolean, eost.License$Status)[pri:0, instance:eost.LicenseTest@6933b6c6]" started-at="2023-11-20T16:02:54 CST" name="test_premium" data-provider="dataset1" finished-at="2023-11-20T16:02:54 CST" duration-ms="0" status="PASS">
          <params>
            <param index="0">
              <value>
                <![CDATA[TDT23]]>
              </value>
            </param>
            <param index="1">
              <value>
                <![CDATA[90]]>
              </value>
            </param>
            <param index="2">
              <value>
                <![CDATA[true]]>
              </value>
            </param>
            <param index="3">
              <value>
                <![CDATA[false]]>
              </value>
            </param>
            <param index="4">
              <value>
                <![CDATA[true]]>
              </value>
            </param>
            <param index="5">
              <value>
                <![CDATA[DENIED]]>
              </value>
            </param>
          </params>
          <reporter-output>
          </reporter-output>
        </test-method> <!-- test_premium -->
        <test-method signature="test_premium(java.lang.String, int, boolean, boolean, boolean, eost.License$Status)[pri:0, instance:eost.LicenseTest@6933b6c6]" started-at="2023-11-20T16:02:54 CST" name="test_premium" data-provider="dataset1" finished-at="2023-11-20T16:02:54 CST" duration-ms="0" status="PASS">
          <params>
            <param index="0">
              <value>
                <![CDATA[TDT24]]>
              </value>
            </param>
            <param index="1">
              <value>
                <![CDATA[90]]>
              </value>
            </param>
            <param index="2">
              <value>
                <![CDATA[true]]>
              </value>
            </param>
            <param index="3">
              <value>
                <![CDATA[false]]>
              </value>
            </param>
            <param index="4">
              <value>
                <![CDATA[false]]>
              </value>
            </param>
            <param index="5">
              <value>
                <![CDATA[DENIED]]>
              </value>
            </param>
          </params>
          <reporter-output>
          </reporter-output>
        </test-method> <!-- test_premium -->
        <test-method signature="test_premium(java.lang.String, int, boolean, boolean, boolean, eost.License$Status)[pri:0, instance:eost.LicenseTest@6933b6c6]" started-at="2023-11-20T16:02:54 CST" name="test_premium" data-provider="dataset1" finished-at="2023-11-20T16:02:54 CST" duration-ms="0" status="PASS">
          <params>
            <param index="0">
              <value>
                <![CDATA[TDT25]]>
              </value>
            </param>
            <param index="1">
              <value>
                <![CDATA[90]]>
              </value>
            </param>
            <param index="2">
              <value>
                <![CDATA[false]]>
              </value>
            </param>
            <param index="3">
              <value>
                <![CDATA[true]]>
              </value>
            </param>
            <param index="4">
              <value>
                <![CDATA[true]]>
              </value>
            </param>
            <param index="5">
              <value>
                <![CDATA[DENIED]]>
              </value>
            </param>
          </params>
          <reporter-output>
          </reporter-output>
        </test-method> <!-- test_premium -->
        <test-method signature="test_premium(java.lang.String, int, boolean, boolean, boolean, eost.License$Status)[pri:0, instance:eost.LicenseTest@6933b6c6]" started-at="2023-11-20T16:02:54 CST" name="test_premium" data-provider="dataset1" finished-at="2023-11-20T16:02:54 CST" duration-ms="1" status="PASS">
          <params>
            <param index="0">
              <value>
                <![CDATA[TDT26]]>
              </value>
            </param>
            <param index="1">
              <value>
                <![CDATA[90]]>
              </value>
            </param>
            <param index="2">
              <value>
                <![CDATA[false]]>
              </value>
            </param>
            <param index="3">
              <value>
                <![CDATA[true]]>
              </value>
            </param>
            <param index="4">
              <value>
                <![CDATA[false]]>
              </value>
            </param>
            <param index="5">
              <value>
                <![CDATA[DENIED]]>
              </value>
            </param>
          </params>
          <reporter-output>
          </reporter-output>
        </test-method> <!-- test_premium -->
        <test-method signature="test_premium(java.lang.String, int, boolean, boolean, boolean, eost.License$Status)[pri:0, instance:eost.LicenseTest@6933b6c6]" started-at="2023-11-20T16:02:54 CST" name="test_premium" data-provider="dataset1" finished-at="2023-11-20T16:02:54 CST" duration-ms="0" status="PASS">
          <params>
            <param index="0">
              <value>
                <![CDATA[TDT22]]>
              </value>
            </param>
            <param index="1">
              <value>
                <![CDATA[90]]>
              </value>
            </param>
            <param index="2">
              <value>
                <![CDATA[true]]>
              </value>
            </param>
            <param index="3">
              <value>
                <![CDATA[true]]>
              </value>
            </param>
            <param index="4">
              <value>
                <![CDATA[false]]>
              </value>
            </param>
            <param index="5">
              <value>
                <![CDATA[DENIED]]>
              </value>
            </param>
          </params>
          <reporter-output>
          </reporter-output>
        </test-method> <!-- test_premium -->
        <test-method signature="test_premium(java.lang.String, int, boolean, boolean, boolean, eost.License$Status)[pri:0, instance:eost.LicenseTest@6933b6c6]" started-at="2023-11-20T16:02:54 CST" name="test_premium" data-provider="dataset1" finished-at="2023-11-20T16:02:54 CST" duration-ms="0" status="PASS">
          <params>
            <param index="0">
              <value>
                <![CDATA[TDT27]]>
              </value>
            </param>
            <param index="1">
              <value>
                <![CDATA[90]]>
              </value>
            </param>
            <param index="2">
              <value>
                <![CDATA[false]]>
              </value>
            </param>
            <param index="3">
              <value>
                <![CDATA[false]]>
              </value>
            </param>
            <param index="4">
              <value>
                <![CDATA[true]]>
              </value>
            </param>
            <param index="5">
              <value>
                <![CDATA[DENIED]]>
              </value>
            </param>
          </params>
          <reporter-output>
          </reporter-output>
        </test-method> <!-- test_premium -->
      </class> <!-- eost.LicenseTest -->
    </test> <!-- Command line test -->
  </suite> <!-- Command line suite -->
</testng-results>
