<?xml version="1.0" encoding="UTF-8"?>
<testng-results ignored="0" total="1" passed="1" failed="0" skipped="0">
  <reporter-output>
  </reporter-output>
  <suite started-at="2023-11-19T19:51:00 CST" name="Command line suite" finished-at="2023-11-19T19:51:00 CST" duration-ms="64">
    <groups>
    </groups>
    <test started-at="2023-11-19T19:51:00 CST" name="Command line test" finished-at="2023-11-19T19:51:00 CST" duration-ms="64">
      <class name="eost.LicenseTest">
        <test-method signature="test_premium(java.lang.String, int, boolean, boolean, boolean, boolean, boolean, boolean, eost.License$Status)[pri:0, instance:eost.LicenseTest@7dfb0c0f]" started-at="2023-11-19T19:51:00 CST" name="test_premium" data-provider="dataset1" finished-at="2023-11-19T19:51:00 CST" duration-ms="17" status="PASS">
          <params>
            <param index="0">
              <value>
                <![CDATA[test name]]>
              </value>
            </param>
            <param index="1">
              <value>
                <![CDATA[30]]>
              </value>
            </param>
            <param index="2">
              <value>
                <![CDATA[true]]>
              </value>
            </param>
            <param index="3">
              <value>
                <![CDATA[true]]>
              </value>
            </param>
            <param index="4">
              <value>
                <![CDATA[true]]>
              </value>
            </param>
            <param index="5">
              <value>
                <![CDATA[true]]>
              </value>
            </param>
            <param index="6">
              <value>
                <![CDATA[true]]>
              </value>
            </param>
            <param index="7">
              <value>
                <![CDATA[true]]>
              </value>
            </param>
            <param index="8">
              <value>
                <![CDATA[GRANTED]]>
              </value>
            </param>
          </params>
          <reporter-output>
          </reporter-output>
        </test-method> <!-- test_premium -->
      </class> <!-- eost.LicenseTest -->
    </test> <!-- Command line test -->
  </suite> <!-- Command line suite -->
</testng-results>
